<?xml version="1.0" encoding="UTF-8"?>
<testng-results ignored="0" total="10" passed="7" failed="2" skipped="1">
  <reporter-output>
  </reporter-output>
  <suite started-at="2022-09-30T09:51:09 IST" name="Suite" finished-at="2022-09-30T09:53:59 IST" duration-ms="169632">
    <groups>
    </groups>
    <test started-at="2022-09-30T09:51:09 IST" name="ChromeTest" finished-at="2022-09-30T09:52:42 IST" duration-ms="92936">
      <class name="pack.VerifyRoomPage">
        <test-method is-config="true" signature="openBrowser(java.lang.String)[pri:0, instance:pack.VerifyRoomPage@29215f06]" started-at="2022-09-30T09:51:11 IST" name="openBrowser" finished-at="2022-09-30T09:51:12 IST" duration-ms="900" status="PASS">
          <params>
            <param index="0">
              <value>
                <![CDATA[Chrome]]>
              </value>
            </param>
          </params>
          <reporter-output>
          </reporter-output>
        </test-method> <!-- openBrowser -->
        <test-method is-config="true" signature="createPMObjects()[pri:0, instance:pack.VerifyRoomPage@29215f06]" started-at="2022-09-30T09:51:13 IST" name="createPMObjects" finished-at="2022-09-30T09:51:13 IST" duration-ms="55" status="PASS">
          <reporter-output>
          </reporter-output>
        </test-method> <!-- createPMObjects -->
        <test-method is-config="true" signature="openRoomsPage()[pri:0, instance:pack.VerifyRoomPage@29215f06]" started-at="2022-09-30T09:51:13 IST" name="openRoomsPage" finished-at="2022-09-30T09:51:20 IST" duration-ms="7184" status="PASS">
          <reporter-output>
          </reporter-output>
        </test-method> <!-- openRoomsPage -->
        <test-method signature="verifyContactToHelpCentreButton()[pri:1, instance:pack.VerifyRoomPage@29215f06]" started-at="2022-09-30T09:51:20 IST" name="verifyContactToHelpCentreButton" finished-at="2022-09-30T09:51:22 IST" duration-ms="1913" status="FAIL">
          <exception class="java.lang.AssertionError">
            <message>
              <![CDATA[The following asserts failed:
expected [Messenger Hlep Centre] but found [Messenger Help Centre]]]>
            </message>
            <full-stacktrace>
              <![CDATA[java.lang.AssertionError: The following asserts failed:
expected [Messenger Hlep Centre] but found [Messenger Help Centre]
at org.testng.asserts.SoftAssert.assertAll(SoftAssert.java:47)
at org.testng.asserts.SoftAssert.assertAll(SoftAssert.java:31)
at pack.VerifyRoomPage.verifyContactToHelpCentreButton(VerifyRoomPage.java:84)
at java.base/jdk.internal.reflect.NativeMethodAccessorImpl.invoke0(Native Method)
at java.base/jdk.internal.reflect.NativeMethodAccessorImpl.invoke(NativeMethodAccessorImpl.java:78)
at java.base/jdk.internal.reflect.DelegatingMethodAccessorImpl.invoke(DelegatingMethodAccessorImpl.java:43)
at java.base/java.lang.reflect.Method.invoke(Method.java:567)
at org.testng.internal.MethodInvocationHelper.invokeMethod(MethodInvocationHelper.java:133)
at org.testng.internal.TestInvoker.invokeMethod(TestInvoker.java:598)
at org.testng.internal.TestInvoker.invokeTestMethod(TestInvoker.java:173)
at org.testng.internal.MethodRunner.runInSequence(MethodRunner.java:46)
at org.testng.internal.TestInvoker$MethodInvocationAgent.invoke(TestInvoker.java:824)
at org.testng.internal.TestInvoker.invokeTestMethods(TestInvoker.java:146)
at org.testng.internal.TestMethodWorker.invokeTestMethods(TestMethodWorker.java:146)
at org.testng.internal.TestMethodWorker.run(TestMethodWorker.java:128)
at java.base/java.util.ArrayList.forEach(ArrayList.java:1511)
at org.testng.TestRunner.privateRun(TestRunner.java:794)
at org.testng.TestRunner.run(TestRunner.java:596)
at org.testng.SuiteRunner.runTest(SuiteRunner.java:377)
at org.testng.SuiteRunner.runSequentially(SuiteRunner.java:371)
at org.testng.SuiteRunner.privateRun(SuiteRunner.java:332)
at org.testng.SuiteRunner.run(SuiteRunner.java:276)
at org.testng.SuiteRunnerWorker.runSuite(SuiteRunnerWorker.java:53)
at org.testng.SuiteRunnerWorker.run(SuiteRunnerWorker.java:96)
at org.testng.TestNG.runSuitesSequentially(TestNG.java:1212)
at org.testng.TestNG.runSuitesLocally(TestNG.java:1134)
at org.testng.TestNG.runSuites(TestNG.java:1063)
at org.testng.TestNG.run(TestNG.java:1031)
at org.testng.remote.AbstractRemoteTestNG.run(AbstractRemoteTestNG.java:115)
at org.testng.remote.RemoteTestNG.initAndRun(RemoteTestNG.java:251)
at org.testng.remote.RemoteTestNG.main(RemoteTestNG.java:77)
]]>
            </full-stacktrace>
          </exception> <!-- java.lang.AssertionError -->
          <reporter-output>
          </reporter-output>
        </test-method> <!-- verifyContactToHelpCentreButton -->
        <test-method is-config="true" signature="logoutFromApplication(org.testng.ITestResult)[pri:0, instance:pack.VerifyRoomPage@29215f06]" started-at="2022-09-30T09:51:22 IST" name="logoutFromApplication" finished-at="2022-09-30T09:51:22 IST" duration-ms="372" status="PASS">
          <params>
            <param index="0">
              <value>
                <![CDATA[[TestResult name=verifyContactToHelpCentreButton status=FAILURE method=VerifyRoomPage.verifyContactToHelpCentreButton()[pri:1, instance:pack.VerifyRoomPage@29215f06] output={null}]]]>
              </value>
            </param>
          </params>
          <reporter-output>
          </reporter-output>
        </test-method> <!-- logoutFromApplication -->
        <test-method is-config="true" signature="openRoomsPage()[pri:0, instance:pack.VerifyRoomPage@29215f06]" started-at="2022-09-30T09:51:22 IST" name="openRoomsPage" finished-at="2022-09-30T09:51:30 IST" duration-ms="7288" status="PASS">
          <reporter-output>
          </reporter-output>
        </test-method> <!-- openRoomsPage -->
        <test-method signature="verifyGoBackToMassengerButton()[pri:2, instance:pack.VerifyRoomPage@29215f06]" started-at="2022-09-30T09:51:30 IST" name="verifyGoBackToMassengerButton" finished-at="2022-09-30T09:51:35 IST" duration-ms="5550" status="PASS">
          <reporter-output>
          </reporter-output>
        </test-method> <!-- verifyGoBackToMassengerButton -->
        <test-method is-config="true" signature="logoutFromApplication(org.testng.ITestResult)[pri:0, instance:pack.VerifyRoomPage@29215f06]" started-at="2022-09-30T09:51:35 IST" name="logoutFromApplication" finished-at="2022-09-30T09:51:35 IST" duration-ms="1" status="PASS">
          <params>
            <param index="0">
              <value>
                <![CDATA[[TestResult name=verifyGoBackToMassengerButton status=SUCCESS method=VerifyRoomPage.verifyGoBackToMassengerButton()[pri:2, instance:pack.VerifyRoomPage@29215f06] output={null}]]]>
              </value>
            </param>
          </params>
          <reporter-output>
          </reporter-output>
        </test-method> <!-- logoutFromApplication -->
        <test-method is-config="true" signature="clearObjects()[pri:0, instance:pack.VerifyRoomPage@29215f06]" started-at="2022-09-30T09:51:35 IST" name="clearObjects" finished-at="2022-09-30T09:51:35 IST" duration-ms="0" status="PASS">
          <reporter-output>
          </reporter-output>
        </test-method> <!-- clearObjects -->
        <test-method is-config="true" signature="closeBrowser()[pri:0, instance:pack.VerifyRoomPage@29215f06]" started-at="2022-09-30T09:52:39 IST" name="closeBrowser" finished-at="2022-09-30T09:52:42 IST" duration-ms="2520" status="PASS">
          <reporter-output>
          </reporter-output>
        </test-method> <!-- closeBrowser -->
      </class> <!-- pack.VerifyRoomPage -->
      <class name="pack.VerifySubmitAndCancelButton">
        <test-method is-config="true" signature="openBrowser(java.lang.String)[pri:0, instance:pack.VerifySubmitAndCancelButton@72e5a8e]" started-at="2022-09-30T09:51:12 IST" name="openBrowser" finished-at="2022-09-30T09:51:13 IST" duration-ms="865" status="PASS">
          <params>
            <param index="0">
              <value>
                <![CDATA[Chrome]]>
              </value>
            </param>
          </params>
          <reporter-output>
          </reporter-output>
        </test-method> <!-- openBrowser -->
        <test-method is-config="true" signature="createPOMObjects()[pri:0, instance:pack.VerifySubmitAndCancelButton@72e5a8e]" started-at="2022-09-30T09:51:35 IST" name="createPOMObjects" finished-at="2022-09-30T09:51:35 IST" duration-ms="3" status="PASS">
          <reporter-output>
          </reporter-output>
        </test-method> <!-- createPOMObjects -->
        <test-method is-config="true" signature="openForgottonPassword()[pri:0, instance:pack.VerifySubmitAndCancelButton@72e5a8e]" started-at="2022-09-30T09:51:35 IST" name="openForgottonPassword" finished-at="2022-09-30T09:51:45 IST" duration-ms="10176" status="PASS">
          <reporter-output>
          </reporter-output>
        </test-method> <!-- openForgottonPassword -->
        <test-method signature="verifySerchButton()[pri:1, instance:pack.VerifySubmitAndCancelButton@72e5a8e]" started-at="2022-09-30T09:51:45 IST" name="verifySerchButton" finished-at="2022-09-30T09:51:48 IST" duration-ms="2521" status="PASS">
          <reporter-output>
          </reporter-output>
        </test-method> <!-- verifySerchButton -->
        <test-method is-config="true" signature="logoutFromApplication(org.testng.ITestResult)[pri:0, instance:pack.VerifySubmitAndCancelButton@72e5a8e]" started-at="2022-09-30T09:51:48 IST" name="logoutFromApplication" finished-at="2022-09-30T09:51:48 IST" duration-ms="213" status="PASS">
          <params>
            <param index="0">
              <value>
                <![CDATA[[TestResult name=verifySerchButton status=SUCCESS method=VerifySubmitAndCancelButton.verifySerchButton()[pri:1, instance:pack.VerifySubmitAndCancelButton@72e5a8e] output={null}]]]>
              </value>
            </param>
          </params>
          <reporter-output>
          </reporter-output>
        </test-method> <!-- logoutFromApplication -->
        <test-method is-config="true" signature="openForgottonPassword()[pri:0, instance:pack.VerifySubmitAndCancelButton@72e5a8e]" started-at="2022-09-30T09:51:48 IST" name="openForgottonPassword" finished-at="2022-09-30T09:51:56 IST" duration-ms="7481" status="PASS">
          <reporter-output>
          </reporter-output>
        </test-method> <!-- openForgottonPassword -->
        <test-method signature="verifyCancelButton()[pri:2, instance:pack.VerifySubmitAndCancelButton@72e5a8e]" started-at="2022-09-30T09:51:56 IST" name="verifyCancelButton" finished-at="2022-09-30T09:51:58 IST" duration-ms="2547" status="PASS">
          <reporter-output>
          </reporter-output>
        </test-method> <!-- verifyCancelButton -->
        <test-method is-config="true" signature="logoutFromApplication(org.testng.ITestResult)[pri:0, instance:pack.VerifySubmitAndCancelButton@72e5a8e]" started-at="2022-09-30T09:51:58 IST" name="logoutFromApplication" finished-at="2022-09-30T09:51:58 IST" duration-ms="227" status="PASS">
          <params>
            <param index="0">
              <value>
                <![CDATA[[TestResult name=verifyCancelButton status=SUCCESS method=VerifySubmitAndCancelButton.verifyCancelButton()[pri:2, instance:pack.VerifySubmitAndCancelButton@72e5a8e] output={null}]]]>
              </value>
            </param>
          </params>
          <reporter-output>
          </reporter-output>
        </test-method> <!-- logoutFromApplication -->
        <test-method is-config="true" signature="clearObjects()[pri:0, instance:pack.VerifySubmitAndCancelButton@72e5a8e]" started-at="2022-09-30T09:51:58 IST" name="clearObjects" finished-at="2022-09-30T09:51:58 IST" duration-ms="1" status="PASS">
          <reporter-output>
          </reporter-output>
        </test-method> <!-- clearObjects -->
        <test-method is-config="true" signature="closeBrowser()[pri:0, instance:pack.VerifySubmitAndCancelButton@72e5a8e]" started-at="2022-09-30T09:52:42 IST" name="closeBrowser" finished-at="2022-09-30T09:52:42 IST" duration-ms="193" status="PASS">
          <reporter-output>
          </reporter-output>
        </test-method> <!-- closeBrowser -->
      </class> <!-- pack.VerifySubmitAndCancelButton -->
      <class name="pack.VerifyDevelopersTab">
        <test-method is-config="true" signature="openBrowser(java.lang.String)[pri:0, instance:pack.VerifyDevelopersTab@54e1c68b]" started-at="2022-09-30T09:51:09 IST" name="openBrowser" finished-at="2022-09-30T09:51:11 IST" duration-ms="1859" status="PASS">
          <params>
            <param index="0">
              <value>
                <![CDATA[Chrome]]>
              </value>
            </param>
          </params>
          <reporter-output>
          </reporter-output>
        </test-method> <!-- openBrowser -->
        <test-method is-config="true" signature="createPOMObjects()[pri:0, instance:pack.VerifyDevelopersTab@54e1c68b]" started-at="2022-09-30T09:51:58 IST" name="createPOMObjects" finished-at="2022-09-30T09:51:58 IST" duration-ms="0" status="PASS">
          <reporter-output>
          </reporter-output>
        </test-method> <!-- createPOMObjects -->
        <test-method is-config="true" signature="openMassenger()[pri:0, instance:pack.VerifyDevelopersTab@54e1c68b]" started-at="2022-09-30T09:51:58 IST" name="openMassenger" finished-at="2022-09-30T09:52:25 IST" duration-ms="26764" status="PASS">
          <reporter-output>
          </reporter-output>
        </test-method> <!-- openMassenger -->
        <test-method signature="verifyDevelopersTab()[pri:0, instance:pack.VerifyDevelopersTab@54e1c68b]" started-at="2022-09-30T09:52:25 IST" name="verifyDevelopersTab" finished-at="2022-09-30T09:52:39 IST" duration-ms="13930" status="PASS">
          <reporter-output>
          </reporter-output>
        </test-method> <!-- verifyDevelopersTab -->
        <test-method is-config="true" signature="logoutFromApplication(org.testng.ITestResult)[pri:0, instance:pack.VerifyDevelopersTab@54e1c68b]" started-at="2022-09-30T09:52:39 IST" name="logoutFromApplication" finished-at="2022-09-30T09:52:39 IST" duration-ms="2" status="PASS">
          <params>
            <param index="0">
              <value>
                <![CDATA[[TestResult name=verifyDevelopersTab status=SUCCESS method=VerifyDevelopersTab.verifyDevelopersTab()[pri:0, instance:pack.VerifyDevelopersTab@54e1c68b] output={null}]]]>
              </value>
            </param>
          </params>
          <reporter-output>
          </reporter-output>
        </test-method> <!-- logoutFromApplication -->
        <test-method is-config="true" signature="cleareObjects()[pri:0, instance:pack.VerifyDevelopersTab@54e1c68b]" started-at="2022-09-30T09:52:39 IST" name="cleareObjects" finished-at="2022-09-30T09:52:39 IST" duration-ms="1" status="PASS">
          <reporter-output>
          </reporter-output>
        </test-method> <!-- cleareObjects -->
        <test-method is-config="true" signature="closeBrowser()[pri:0, instance:pack.VerifyDevelopersTab@54e1c68b]" started-at="2022-09-30T09:52:39 IST" name="closeBrowser" finished-at="2022-09-30T09:52:39 IST" duration-ms="287" status="PASS">
          <reporter-output>
          </reporter-output>
        </test-method> <!-- closeBrowser -->
      </class> <!-- pack.VerifyDevelopersTab -->
    </test> <!-- ChromeTest -->
    <test started-at="2022-09-30T09:52:42 IST" name="FirefoxTest" finished-at="2022-09-30T09:53:59 IST" duration-ms="76641">
      <class name="pack.VerifyRoomPage">
        <test-method is-config="true" signature="openBrowser(java.lang.String)[pri:0, instance:pack.VerifyRoomPage@2e385cce]" started-at="2022-09-30T09:52:46 IST" name="openBrowser" finished-at="2022-09-30T09:52:49 IST" duration-ms="2929" status="PASS">
          <params>
            <param index="0">
              <value>
                <![CDATA[Firefox]]>
              </value>
            </param>
          </params>
          <reporter-output>
          </reporter-output>
        </test-method> <!-- openBrowser -->
        <test-method is-config="true" signature="createPMObjects()[pri:0, instance:pack.VerifyRoomPage@2e385cce]" started-at="2022-09-30T09:52:52 IST" name="createPMObjects" finished-at="2022-09-30T09:52:52 IST" duration-ms="1" status="PASS">
          <reporter-output>
          </reporter-output>
        </test-method> <!-- createPMObjects -->
        <test-method is-config="true" signature="openRoomsPage()[pri:0, instance:pack.VerifyRoomPage@2e385cce]" started-at="2022-09-30T09:52:52 IST" name="openRoomsPage" finished-at="2022-09-30T09:53:04 IST" duration-ms="11724" status="PASS">
          <reporter-output>
          </reporter-output>
        </test-method> <!-- openRoomsPage -->
        <test-method signature="verifyContactToHelpCentreButton()[pri:1, instance:pack.VerifyRoomPage@2e385cce]" started-at="2022-09-30T09:53:04 IST" name="verifyContactToHelpCentreButton" finished-at="2022-09-30T09:53:07 IST" duration-ms="3854" status="FAIL">
          <exception class="java.lang.AssertionError">
            <message>
              <![CDATA[The following asserts failed:
expected [Messenger Hlep Centre] but found [Messenger Help Centre]]]>
            </message>
            <full-stacktrace>
              <![CDATA[java.lang.AssertionError: The following asserts failed:
expected [Messenger Hlep Centre] but found [Messenger Help Centre]
at org.testng.asserts.SoftAssert.assertAll(SoftAssert.java:47)
at org.testng.asserts.SoftAssert.assertAll(SoftAssert.java:31)
at pack.VerifyRoomPage.verifyContactToHelpCentreButton(VerifyRoomPage.java:84)
at java.base/jdk.internal.reflect.NativeMethodAccessorImpl.invoke0(Native Method)
at java.base/jdk.internal.reflect.NativeMethodAccessorImpl.invoke(NativeMethodAccessorImpl.java:78)
at java.base/jdk.internal.reflect.DelegatingMethodAccessorImpl.invoke(DelegatingMethodAccessorImpl.java:43)
at java.base/java.lang.reflect.Method.invoke(Method.java:567)
at org.testng.internal.MethodInvocationHelper.invokeMethod(MethodInvocationHelper.java:133)
at org.testng.internal.TestInvoker.invokeMethod(TestInvoker.java:598)
at org.testng.internal.TestInvoker.invokeTestMethod(TestInvoker.java:173)
at org.testng.internal.MethodRunner.runInSequence(MethodRunner.java:46)
at org.testng.internal.TestInvoker$MethodInvocationAgent.invoke(TestInvoker.java:824)
at org.testng.internal.TestInvoker.invokeTestMethods(TestInvoker.java:146)
at org.testng.internal.TestMethodWorker.invokeTestMethods(TestMethodWorker.java:146)
at org.testng.internal.TestMethodWorker.run(TestMethodWorker.java:128)
at java.base/java.util.ArrayList.forEach(ArrayList.java:1511)
at org.testng.TestRunner.privateRun(TestRunner.java:794)
at org.testng.TestRunner.run(TestRunner.java:596)
at org.testng.SuiteRunner.runTest(SuiteRunner.java:377)
at org.testng.SuiteRunner.runSequentially(SuiteRunner.java:371)
at org.testng.SuiteRunner.privateRun(SuiteRunner.java:332)
at org.testng.SuiteRunner.run(SuiteRunner.java:276)
at org.testng.SuiteRunnerWorker.runSuite(SuiteRunnerWorker.java:53)
at org.testng.SuiteRunnerWorker.run(SuiteRunnerWorker.java:96)
at org.testng.TestNG.runSuitesSequentially(TestNG.java:1212)
at org.testng.TestNG.runSuitesLocally(TestNG.java:1134)
at org.testng.TestNG.runSuites(TestNG.java:1063)
at org.testng.TestNG.run(TestNG.java:1031)
at org.testng.remote.AbstractRemoteTestNG.run(AbstractRemoteTestNG.java:115)
at org.testng.remote.RemoteTestNG.initAndRun(RemoteTestNG.java:251)
at org.testng.remote.RemoteTestNG.main(RemoteTestNG.java:77)
]]>
            </full-stacktrace>
          </exception> <!-- java.lang.AssertionError -->
          <reporter-output>
          </reporter-output>
        </test-method> <!-- verifyContactToHelpCentreButton -->
        <test-method is-config="true" signature="logoutFromApplication(org.testng.ITestResult)[pri:0, instance:pack.VerifyRoomPage@2e385cce]" started-at="2022-09-30T09:53:07 IST" name="logoutFromApplication" finished-at="2022-09-30T09:53:08 IST" duration-ms="409" status="PASS">
          <params>
            <param index="0">
              <value>
                <![CDATA[[TestResult name=verifyContactToHelpCentreButton status=FAILURE method=VerifyRoomPage.verifyContactToHelpCentreButton()[pri:1, instance:pack.VerifyRoomPage@2e385cce] output={null}]]]>
              </value>
            </param>
          </params>
          <reporter-output>
          </reporter-output>
        </test-method> <!-- logoutFromApplication -->
        <test-method is-config="true" signature="openRoomsPage()[pri:0, instance:pack.VerifyRoomPage@2e385cce]" started-at="2022-09-30T09:53:08 IST" name="openRoomsPage" finished-at="2022-09-30T09:53:24 IST" duration-ms="16198" status="FAIL">
          <exception class="org.openqa.selenium.NoSuchElementException">
            <message>
              <![CDATA[Unable to locate element: //a[text()='Rooms']
For documentation on this error, please visit: https://www.seleniumhq.org/exceptions/no_such_element.html
Build info: version: '3.141.59', revision: 'e82be7d358', time: '2018-11-14T08:17:03'
System info: host: 'MSI', ip: '192.168.43.221', os.name: 'Windows 10', os.arch: 'amd64', os.version: '10.0', java.version: '16.0.2'
Driver info: org.openqa.selenium.firefox.FirefoxDriver
Capabilities {acceptInsecureCerts: true, browserName: firefox, browserVersion: 105.0.1, javascriptEnabled: true, moz:accessibilityChecks: false, moz:buildID: 20220922151854, moz:geckodriverVersion: 0.31.0, moz:headless: false, moz:platformVersion: 10.0, moz:processID: 36264, moz:profile: C:\Users\91880\AppData\Loca..., moz:shutdownTimeout: 60000, moz:useNonSpecCompliantPointerOrigin: false, moz:webdriverClick: true, moz:windowless: false, pageLoadStrategy: normal, platform: WINDOWS, platformName: WINDOWS, proxy: Proxy(), setWindowRect: true, strictFileInteractability: false, timeouts: {implicit: 0, pageLoad: 300000, script: 30000}, unhandledPromptBehavior: dismiss and notify}
Session ID: 23c4d525-5d57-4071-a570-48196a4e1445
*** Element info: {Using=xpath, value=//a[text()='Rooms']}]]>
            </message>
            <full-stacktrace>
              <![CDATA[org.openqa.selenium.NoSuchElementException: Unable to locate element: //a[text()='Rooms']
For documentation on this error, please visit: https://www.seleniumhq.org/exceptions/no_such_element.html
Build info: version: '3.141.59', revision: 'e82be7d358', time: '2018-11-14T08:17:03'
System info: host: 'MSI', ip: '192.168.43.221', os.name: 'Windows 10', os.arch: 'amd64', os.version: '10.0', java.version: '16.0.2'
Driver info: org.openqa.selenium.firefox.FirefoxDriver
Capabilities {acceptInsecureCerts: true, browserName: firefox, browserVersion: 105.0.1, javascriptEnabled: true, moz:accessibilityChecks: false, moz:buildID: 20220922151854, moz:geckodriverVersion: 0.31.0, moz:headless: false, moz:platformVersion: 10.0, moz:processID: 36264, moz:profile: C:\Users\91880\AppData\Loca..., moz:shutdownTimeout: 60000, moz:useNonSpecCompliantPointerOrigin: false, moz:webdriverClick: true, moz:windowless: false, pageLoadStrategy: normal, platform: WINDOWS, platformName: WINDOWS, proxy: Proxy(), setWindowRect: true, strictFileInteractability: false, timeouts: {implicit: 0, pageLoad: 300000, script: 30000}, unhandledPromptBehavior: dismiss and notify}
Session ID: 23c4d525-5d57-4071-a570-48196a4e1445
*** Element info: {Using=xpath, value=//a[text()='Rooms']}
at java.base/jdk.internal.reflect.NativeConstructorAccessorImpl.newInstance0(Native Method)
at java.base/jdk.internal.reflect.NativeConstructorAccessorImpl.newInstance(NativeConstructorAccessorImpl.java:78)
at java.base/jdk.internal.reflect.DelegatingConstructorAccessorImpl.newInstance(DelegatingConstructorAccessorImpl.java:45)
at java.base/java.lang.reflect.Constructor.newInstanceWithCaller(Constructor.java:499)
at java.base/java.lang.reflect.Constructor.newInstance(Constructor.java:480)
at org.openqa.selenium.remote.http.W3CHttpResponseCodec.createException(W3CHttpResponseCodec.java:187)
at org.openqa.selenium.remote.http.W3CHttpResponseCodec.decode(W3CHttpResponseCodec.java:122)
at org.openqa.selenium.remote.http.W3CHttpResponseCodec.decode(W3CHttpResponseCodec.java:49)
at org.openqa.selenium.remote.HttpCommandExecutor.execute(HttpCommandExecutor.java:158)
at org.openqa.selenium.remote.service.DriverCommandExecutor.execute(DriverCommandExecutor.java:83)
at org.openqa.selenium.remote.RemoteWebDriver.execute(RemoteWebDriver.java:552)
at org.openqa.selenium.remote.RemoteWebDriver.findElement(RemoteWebDriver.java:323)
at org.openqa.selenium.remote.RemoteWebDriver.findElementByXPath(RemoteWebDriver.java:428)
at org.openqa.selenium.By$ByXPath.findElement(By.java:353)
at org.openqa.selenium.remote.RemoteWebDriver.findElement(RemoteWebDriver.java:315)
at org.openqa.selenium.support.pagefactory.DefaultElementLocator.findElement(DefaultElementLocator.java:69)
at org.openqa.selenium.support.pagefactory.internal.LocatingElementHandler.invoke(LocatingElementHandler.java:38)
at jdk.proxy2/jdk.proxy2.$Proxy17.click(Unknown Source)
at pages.MassengerPage.openRooms(MassengerPage.java:29)
at pack.VerifyRoomPage.openRoomsPage(VerifyRoomPage.java:69)
at java.base/jdk.internal.reflect.NativeMethodAccessorImpl.invoke0(Native Method)
at java.base/jdk.internal.reflect.NativeMethodAccessorImpl.invoke(NativeMethodAccessorImpl.java:78)
at java.base/jdk.internal.reflect.DelegatingMethodAccessorImpl.invoke(DelegatingMethodAccessorImpl.java:43)
at java.base/java.lang.reflect.Method.invoke(Method.java:567)
at org.testng.internal.MethodInvocationHelper.invokeMethod(MethodInvocationHelper.java:133)
at org.testng.internal.MethodInvocationHelper.invokeMethodConsideringTimeout(MethodInvocationHelper.java:62)
at org.testng.internal.ConfigInvoker.invokeConfigurationMethod(ConfigInvoker.java:385)
at org.testng.internal.ConfigInvoker.invokeConfigurations(ConfigInvoker.java:321)
at org.testng.internal.TestInvoker.runConfigMethods(TestInvoker.java:700)
at org.testng.internal.TestInvoker.invokeMethod(TestInvoker.java:527)
at org.testng.internal.TestInvoker.invokeTestMethod(TestInvoker.java:173)
at org.testng.internal.MethodRunner.runInSequence(MethodRunner.java:46)
at org.testng.internal.TestInvoker$MethodInvocationAgent.invoke(TestInvoker.java:824)
at org.testng.internal.TestInvoker.invokeTestMethods(TestInvoker.java:146)
at org.testng.internal.TestMethodWorker.invokeTestMethods(TestMethodWorker.java:146)
at org.testng.internal.TestMethodWorker.run(TestMethodWorker.java:128)
at java.base/java.util.ArrayList.forEach(ArrayList.java:1511)
at org.testng.TestRunner.privateRun(TestRunner.java:794)
at org.testng.TestRunner.run(TestRunner.java:596)
at org.testng.SuiteRunner.runTest(SuiteRunner.java:377)
at org.testng.SuiteRunner.runSequentially(SuiteRunner.java:371)
at org.testng.SuiteRunner.privateRun(SuiteRunner.java:332)
at org.testng.SuiteRunner.run(SuiteRunner.java:276)
at org.testng.SuiteRunnerWorker.runSuite(SuiteRunnerWorker.java:53)
at org.testng.SuiteRunnerWorker.run(SuiteRunnerWorker.java:96)
at org.testng.TestNG.runSuitesSequentially(TestNG.java:1212)
at org.testng.TestNG.runSuitesLocally(TestNG.java:1134)
at org.testng.TestNG.runSuites(TestNG.java:1063)
at org.testng.TestNG.run(TestNG.java:1031)
at org.testng.remote.AbstractRemoteTestNG.run(AbstractRemoteTestNG.java:115)
at org.testng.remote.RemoteTestNG.initAndRun(RemoteTestNG.java:251)
at org.testng.remote.RemoteTestNG.main(RemoteTestNG.java:77)
]]>
            </full-stacktrace>
          </exception> <!-- org.openqa.selenium.NoSuchElementException -->
          <reporter-output>
          </reporter-output>
        </test-method> <!-- openRoomsPage -->
        <test-method signature="verifyGoBackToMassengerButton()[pri:2, instance:pack.VerifyRoomPage@2e385cce]" started-at="2022-09-30T09:53:24 IST" name="verifyGoBackToMassengerButton" finished-at="2022-09-30T09:53:24 IST" duration-ms="1" status="SKIP">
          <exception class="org.openqa.selenium.NoSuchElementException">
            <message>
              <![CDATA[Unable to locate element: //a[text()='Rooms']
For documentation on this error, please visit: https://www.seleniumhq.org/exceptions/no_such_element.html
Build info: version: '3.141.59', revision: 'e82be7d358', time: '2018-11-14T08:17:03'
System info: host: 'MSI', ip: '192.168.43.221', os.name: 'Windows 10', os.arch: 'amd64', os.version: '10.0', java.version: '16.0.2'
Driver info: org.openqa.selenium.firefox.FirefoxDriver
Capabilities {acceptInsecureCerts: true, browserName: firefox, browserVersion: 105.0.1, javascriptEnabled: true, moz:accessibilityChecks: false, moz:buildID: 20220922151854, moz:geckodriverVersion: 0.31.0, moz:headless: false, moz:platformVersion: 10.0, moz:processID: 36264, moz:profile: C:\Users\91880\AppData\Loca..., moz:shutdownTimeout: 60000, moz:useNonSpecCompliantPointerOrigin: false, moz:webdriverClick: true, moz:windowless: false, pageLoadStrategy: normal, platform: WINDOWS, platformName: WINDOWS, proxy: Proxy(), setWindowRect: true, strictFileInteractability: false, timeouts: {implicit: 0, pageLoad: 300000, script: 30000}, unhandledPromptBehavior: dismiss and notify}
Session ID: 23c4d525-5d57-4071-a570-48196a4e1445
*** Element info: {Using=xpath, value=//a[text()='Rooms']}]]>
            </message>
            <full-stacktrace>
              <![CDATA[org.openqa.selenium.NoSuchElementException: Unable to locate element: //a[text()='Rooms']
For documentation on this error, please visit: https://www.seleniumhq.org/exceptions/no_such_element.html
Build info: version: '3.141.59', revision: 'e82be7d358', time: '2018-11-14T08:17:03'
System info: host: 'MSI', ip: '192.168.43.221', os.name: 'Windows 10', os.arch: 'amd64', os.version: '10.0', java.version: '16.0.2'
Driver info: org.openqa.selenium.firefox.FirefoxDriver
Capabilities {acceptInsecureCerts: true, browserName: firefox, browserVersion: 105.0.1, javascriptEnabled: true, moz:accessibilityChecks: false, moz:buildID: 20220922151854, moz:geckodriverVersion: 0.31.0, moz:headless: false, moz:platformVersion: 10.0, moz:processID: 36264, moz:profile: C:\Users\91880\AppData\Loca..., moz:shutdownTimeout: 60000, moz:useNonSpecCompliantPointerOrigin: false, moz:webdriverClick: true, moz:windowless: false, pageLoadStrategy: normal, platform: WINDOWS, platformName: WINDOWS, proxy: Proxy(), setWindowRect: true, strictFileInteractability: false, timeouts: {implicit: 0, pageLoad: 300000, script: 30000}, unhandledPromptBehavior: dismiss and notify}
Session ID: 23c4d525-5d57-4071-a570-48196a4e1445
*** Element info: {Using=xpath, value=//a[text()='Rooms']}
at java.base/jdk.internal.reflect.NativeConstructorAccessorImpl.newInstance0(Native Method)
at java.base/jdk.internal.reflect.NativeConstructorAccessorImpl.newInstance(NativeConstructorAccessorImpl.java:78)
at java.base/jdk.internal.reflect.DelegatingConstructorAccessorImpl.newInstance(DelegatingConstructorAccessorImpl.java:45)
at java.base/java.lang.reflect.Constructor.newInstanceWithCaller(Constructor.java:499)
at java.base/java.lang.reflect.Constructor.newInstance(Constructor.java:480)
at org.openqa.selenium.remote.http.W3CHttpResponseCodec.createException(W3CHttpResponseCodec.java:187)
at org.openqa.selenium.remote.http.W3CHttpResponseCodec.decode(W3CHttpResponseCodec.java:122)
at org.openqa.selenium.remote.http.W3CHttpResponseCodec.decode(W3CHttpResponseCodec.java:49)
at org.openqa.selenium.remote.HttpCommandExecutor.execute(HttpCommandExecutor.java:158)
at org.openqa.selenium.remote.service.DriverCommandExecutor.execute(DriverCommandExecutor.java:83)
at org.openqa.selenium.remote.RemoteWebDriver.execute(RemoteWebDriver.java:552)
at org.openqa.selenium.remote.RemoteWebDriver.findElement(RemoteWebDriver.java:323)
at org.openqa.selenium.remote.RemoteWebDriver.findElementByXPath(RemoteWebDriver.java:428)
at org.openqa.selenium.By$ByXPath.findElement(By.java:353)
at org.openqa.selenium.remote.RemoteWebDriver.findElement(RemoteWebDriver.java:315)
at org.openqa.selenium.support.pagefactory.DefaultElementLocator.findElement(DefaultElementLocator.java:69)
at org.openqa.selenium.support.pagefactory.internal.LocatingElementHandler.invoke(LocatingElementHandler.java:38)
at jdk.proxy2/jdk.proxy2.$Proxy17.click(Unknown Source)
at pages.MassengerPage.openRooms(MassengerPage.java:29)
at pack.VerifyRoomPage.openRoomsPage(VerifyRoomPage.java:69)
at java.base/jdk.internal.reflect.NativeMethodAccessorImpl.invoke0(Native Method)
at java.base/jdk.internal.reflect.NativeMethodAccessorImpl.invoke(NativeMethodAccessorImpl.java:78)
at java.base/jdk.internal.reflect.DelegatingMethodAccessorImpl.invoke(DelegatingMethodAccessorImpl.java:43)
at java.base/java.lang.reflect.Method.invoke(Method.java:567)
at org.testng.internal.MethodInvocationHelper.invokeMethod(MethodInvocationHelper.java:133)
at org.testng.internal.MethodInvocationHelper.invokeMethodConsideringTimeout(MethodInvocationHelper.java:62)
at org.testng.internal.ConfigInvoker.invokeConfigurationMethod(ConfigInvoker.java:385)
at org.testng.internal.ConfigInvoker.invokeConfigurations(ConfigInvoker.java:321)
at org.testng.internal.TestInvoker.runConfigMethods(TestInvoker.java:700)
at org.testng.internal.TestInvoker.invokeMethod(TestInvoker.java:527)
at org.testng.internal.TestInvoker.invokeTestMethod(TestInvoker.java:173)
at org.testng.internal.MethodRunner.runInSequence(MethodRunner.java:46)
at org.testng.internal.TestInvoker$MethodInvocationAgent.invoke(TestInvoker.java:824)
at org.testng.internal.TestInvoker.invokeTestMethods(TestInvoker.java:146)
at org.testng.internal.TestMethodWorker.invokeTestMethods(TestMethodWorker.java:146)
at org.testng.internal.TestMethodWorker.run(TestMethodWorker.java:128)
at java.base/java.util.ArrayList.forEach(ArrayList.java:1511)
at org.testng.TestRunner.privateRun(TestRunner.java:794)
at org.testng.TestRunner.run(TestRunner.java:596)
at org.testng.SuiteRunner.runTest(SuiteRunner.java:377)
at org.testng.SuiteRunner.runSequentially(SuiteRunner.java:371)
at org.testng.SuiteRunner.privateRun(SuiteRunner.java:332)
at org.testng.SuiteRunner.run(SuiteRunner.java:276)
at org.testng.SuiteRunnerWorker.runSuite(SuiteRunnerWorker.java:53)
at org.testng.SuiteRunnerWorker.run(SuiteRunnerWorker.java:96)
at org.testng.TestNG.runSuitesSequentially(TestNG.java:1212)
at org.testng.TestNG.runSuitesLocally(TestNG.java:1134)
at org.testng.TestNG.runSuites(TestNG.java:1063)
at org.testng.TestNG.run(TestNG.java:1031)
at org.testng.remote.AbstractRemoteTestNG.run(AbstractRemoteTestNG.java:115)
at org.testng.remote.RemoteTestNG.initAndRun(RemoteTestNG.java:251)
at org.testng.remote.RemoteTestNG.main(RemoteTestNG.java:77)
]]>
            </full-stacktrace>
          </exception> <!-- org.openqa.selenium.NoSuchElementException -->
          <reporter-output>
          </reporter-output>
        </test-method> <!-- verifyGoBackToMassengerButton -->
        <test-method is-config="true" signature="logoutFromApplication(org.testng.ITestResult)[pri:0, instance:pack.VerifyRoomPage@2e385cce]" started-at="2022-09-30T09:53:24 IST" name="logoutFromApplication" finished-at="1970-01-01T05:30:00 IST" duration-ms="-1664511804490" status="SKIP">
          <reporter-output>
          </reporter-output>
        </test-method> <!-- logoutFromApplication -->
        <test-method is-config="true" signature="clearObjects()[pri:0, instance:pack.VerifyRoomPage@2e385cce]" started-at="2022-09-30T09:53:24 IST" name="clearObjects" finished-at="1970-01-01T05:30:00 IST" duration-ms="-1664511804496" status="SKIP">
          <reporter-output>
          </reporter-output>
        </test-method> <!-- clearObjects -->
        <test-method is-config="true" signature="closeBrowser()[pri:0, instance:pack.VerifyRoomPage@2e385cce]" started-at="2022-09-30T09:53:57 IST" name="closeBrowser" finished-at="2022-09-30T09:53:58 IST" duration-ms="1249" status="PASS">
          <reporter-output>
          </reporter-output>
        </test-method> <!-- closeBrowser -->
      </class> <!-- pack.VerifyRoomPage -->
      <class name="pack.VerifySubmitAndCancelButton">
        <test-method is-config="true" signature="openBrowser(java.lang.String)[pri:0, instance:pack.VerifySubmitAndCancelButton@2a7f1f10]" started-at="2022-09-30T09:52:49 IST" name="openBrowser" finished-at="2022-09-30T09:52:52 IST" duration-ms="2544" status="PASS">
          <params>
            <param index="0">
              <value>
                <![CDATA[Firefox]]>
              </value>
            </param>
          </params>
          <reporter-output>
          </reporter-output>
        </test-method> <!-- openBrowser -->
        <test-method is-config="true" signature="createPOMObjects()[pri:0, instance:pack.VerifySubmitAndCancelButton@2a7f1f10]" started-at="2022-09-30T09:53:24 IST" name="createPOMObjects" finished-at="2022-09-30T09:53:24 IST" duration-ms="1" status="PASS">
          <reporter-output>
          </reporter-output>
        </test-method> <!-- createPOMObjects -->
        <test-method is-config="true" signature="openForgottonPassword()[pri:0, instance:pack.VerifySubmitAndCancelButton@2a7f1f10]" started-at="2022-09-30T09:53:24 IST" name="openForgottonPassword" finished-at="2022-09-30T09:53:31 IST" duration-ms="7457" status="PASS">
          <reporter-output>
          </reporter-output>
        </test-method> <!-- openForgottonPassword -->
        <test-method signature="verifySerchButton()[pri:1, instance:pack.VerifySubmitAndCancelButton@2a7f1f10]" started-at="2022-09-30T09:53:31 IST" name="verifySerchButton" finished-at="2022-09-30T09:53:34 IST" duration-ms="2291" status="PASS">
          <reporter-output>
          </reporter-output>
        </test-method> <!-- verifySerchButton -->
        <test-method is-config="true" signature="logoutFromApplication(org.testng.ITestResult)[pri:0, instance:pack.VerifySubmitAndCancelButton@2a7f1f10]" started-at="2022-09-30T09:53:34 IST" name="logoutFromApplication" finished-at="2022-09-30T09:53:34 IST" duration-ms="96" status="PASS">
          <params>
            <param index="0">
              <value>
                <![CDATA[[TestResult name=verifySerchButton status=SUCCESS method=VerifySubmitAndCancelButton.verifySerchButton()[pri:1, instance:pack.VerifySubmitAndCancelButton@2a7f1f10] output={null}]]]>
              </value>
            </param>
          </params>
          <reporter-output>
          </reporter-output>
        </test-method> <!-- logoutFromApplication -->
        <test-method is-config="true" signature="openForgottonPassword()[pri:0, instance:pack.VerifySubmitAndCancelButton@2a7f1f10]" started-at="2022-09-30T09:53:34 IST" name="openForgottonPassword" finished-at="2022-09-30T09:53:39 IST" duration-ms="4902" status="PASS">
          <reporter-output>
          </reporter-output>
        </test-method> <!-- openForgottonPassword -->
        <test-method signature="verifyCancelButton()[pri:2, instance:pack.VerifySubmitAndCancelButton@2a7f1f10]" started-at="2022-09-30T09:53:39 IST" name="verifyCancelButton" finished-at="2022-09-30T09:53:40 IST" duration-ms="1142" status="PASS">
          <reporter-output>
          </reporter-output>
        </test-method> <!-- verifyCancelButton -->
        <test-method is-config="true" signature="logoutFromApplication(org.testng.ITestResult)[pri:0, instance:pack.VerifySubmitAndCancelButton@2a7f1f10]" started-at="2022-09-30T09:53:40 IST" name="logoutFromApplication" finished-at="2022-09-30T09:53:40 IST" duration-ms="125" status="PASS">
          <params>
            <param index="0">
              <value>
                <![CDATA[[TestResult name=verifyCancelButton status=SUCCESS method=VerifySubmitAndCancelButton.verifyCancelButton()[pri:2, instance:pack.VerifySubmitAndCancelButton@2a7f1f10] output={null}]]]>
              </value>
            </param>
          </params>
          <reporter-output>
          </reporter-output>
        </test-method> <!-- logoutFromApplication -->
        <test-method is-config="true" signature="clearObjects()[pri:0, instance:pack.VerifySubmitAndCancelButton@2a7f1f10]" started-at="2022-09-30T09:53:40 IST" name="clearObjects" finished-at="2022-09-30T09:53:40 IST" duration-ms="0" status="PASS">
          <reporter-output>
          </reporter-output>
        </test-method> <!-- clearObjects -->
        <test-method is-config="true" signature="closeBrowser()[pri:0, instance:pack.VerifySubmitAndCancelButton@2a7f1f10]" started-at="2022-09-30T09:53:58 IST" name="closeBrowser" finished-at="2022-09-30T09:53:59 IST" duration-ms="712" status="PASS">
          <reporter-output>
          </reporter-output>
        </test-method> <!-- closeBrowser -->
      </class> <!-- pack.VerifySubmitAndCancelButton -->
      <class name="pack.VerifyDevelopersTab">
        <test-method is-config="true" signature="openBrowser(java.lang.String)[pri:0, instance:pack.VerifyDevelopersTab@46cdf8bd]" started-at="2022-09-30T09:52:42 IST" name="openBrowser" finished-at="2022-09-30T09:52:46 IST" duration-ms="4163" status="PASS">
          <params>
            <param index="0">
              <value>
                <![CDATA[Firefox]]>
              </value>
            </param>
          </params>
          <reporter-output>
          </reporter-output>
        </test-method> <!-- openBrowser -->
        <test-method is-config="true" signature="openMassenger()[pri:0, instance:pack.VerifyDevelopersTab@46cdf8bd]" started-at="2022-09-30T09:53:40 IST" name="openMassenger" finished-at="2022-09-30T09:53:49 IST" duration-ms="8688" status="PASS">
          <reporter-output>
          </reporter-output>
        </test-method> <!-- openMassenger -->
        <test-method is-config="true" signature="createPOMObjects()[pri:0, instance:pack.VerifyDevelopersTab@46cdf8bd]" started-at="2022-09-30T09:53:40 IST" name="createPOMObjects" finished-at="2022-09-30T09:53:40 IST" duration-ms="0" status="PASS">
          <reporter-output>
          </reporter-output>
        </test-method> <!-- createPOMObjects -->
        <test-method signature="verifyDevelopersTab()[pri:0, instance:pack.VerifyDevelopersTab@46cdf8bd]" started-at="2022-09-30T09:53:49 IST" name="verifyDevelopersTab" finished-at="2022-09-30T09:53:55 IST" duration-ms="6783" status="PASS">
          <reporter-output>
          </reporter-output>
        </test-method> <!-- verifyDevelopersTab -->
        <test-method is-config="true" signature="logoutFromApplication(org.testng.ITestResult)[pri:0, instance:pack.VerifyDevelopersTab@46cdf8bd]" started-at="2022-09-30T09:53:55 IST" name="logoutFromApplication" finished-at="2022-09-30T09:53:55 IST" duration-ms="1" status="PASS">
          <params>
            <param index="0">
              <value>
                <![CDATA[[TestResult name=verifyDevelopersTab status=SUCCESS method=VerifyDevelopersTab.verifyDevelopersTab()[pri:0, instance:pack.VerifyDevelopersTab@46cdf8bd] output={null}]]]>
              </value>
            </param>
          </params>
          <reporter-output>
          </reporter-output>
        </test-method> <!-- logoutFromApplication -->
        <test-method is-config="true" signature="cleareObjects()[pri:0, instance:pack.VerifyDevelopersTab@46cdf8bd]" started-at="2022-09-30T09:53:55 IST" name="cleareObjects" finished-at="2022-09-30T09:53:55 IST" duration-ms="0" status="PASS">
          <reporter-output>
          </reporter-output>
        </test-method> <!-- cleareObjects -->
        <test-method is-config="true" signature="closeBrowser()[pri:0, instance:pack.VerifyDevelopersTab@46cdf8bd]" started-at="2022-09-30T09:53:55 IST" name="closeBrowser" finished-at="2022-09-30T09:53:57 IST" duration-ms="1319" status="PASS">
          <reporter-output>
          </reporter-output>
        </test-method> <!-- closeBrowser -->
      </class> <!-- pack.VerifyDevelopersTab -->
    </test> <!-- FirefoxTest -->
  </suite> <!-- Suite -->
</testng-results>
