<?xml version="1.0" encoding="UTF-8"?>
<!-- Generated by org.testng.reporters.JUnitXMLReporter -->
<testsuite ignored="0" hostname="MSI" failures="0" tests="5" name="ChromeTest" time="18.62" errors="0" timestamp="2022-10-10T14:36:13 IST">
  <testcase classname="pack.VerifyRoomPage" name="@BeforeMethod openRoomsPage" time="0.001">
    <failure type="java.lang.NullPointerException" message="Cannot invoke &amp;quot;org.openqa.selenium.WebDriver.get(String)&amp;quot; because &amp;quot;this.driver&amp;quot; is null">
      <![CDATA[java.lang.NullPointerException: Cannot invoke "org.openqa.selenium.WebDriver.get(String)" because "this.driver" is null
at pack.VerifyRoomPage.openRoomsPage(VerifyRoomPage.java:67)
at java.base/java.util.ArrayList.forEach(ArrayList.java:1511)
... Removed 31 stack frames]]>
    </failure>
  </testcase> <!-- @BeforeMethod openRoomsPage -->
  <testcase classname="pack.VerifyRoomPage" name="@AfterMethod logoutFromApplication" time="-1.665392757249E9">
    <skipped/>
  </testcase> <!-- @AfterMethod logoutFromApplication -->
  <testcase classname="pack.VerifyRoomPage" name="@BeforeMethod openRoomsPage" time="-1.665392757254E9">
    <skipped/>
  </testcase> <!-- @BeforeMethod openRoomsPage -->
  <testcase classname="pack.VerifyRoomPage" name="@AfterMethod logoutFromApplication" time="-1.665392757262E9">
    <skipped/>
  </testcase> <!-- @AfterMethod logoutFromApplication -->
  <testcase classname="pack.VerifyRoomPage" name="@AfterClass clearObjects" time="-1.665392757266E9">
    <skipped/>
  </testcase> <!-- @AfterClass clearObjects -->
  <testcase classname="pack.VerifySubmitAndCancelButton" name="@BeforeMethod openForgottonPassword" time="0.001">
    <failure type="java.lang.NullPointerException" message="Cannot invoke &amp;quot;org.openqa.selenium.WebDriver.get(String)&amp;quot; because &amp;quot;this.driver&amp;quot; is null">
      <![CDATA[java.lang.NullPointerException: Cannot invoke "org.openqa.selenium.WebDriver.get(String)" because "this.driver" is null
at pack.VerifySubmitAndCancelButton.openForgottonPassword(VerifySubmitAndCancelButton.java:60)
at java.base/java.util.ArrayList.forEach(ArrayList.java:1511)
... Removed 31 stack frames]]>
    </failure>
  </testcase> <!-- @BeforeMethod openForgottonPassword -->
  <testcase classname="pack.VerifySubmitAndCancelButton" name="@AfterMethod logoutFromApplication" time="-1.665392757287E9">
    <skipped/>
  </testcase> <!-- @AfterMethod logoutFromApplication -->
  <testcase classname="pack.VerifySubmitAndCancelButton" name="@BeforeMethod openForgottonPassword" time="-1.665392757289E9">
    <skipped/>
  </testcase> <!-- @BeforeMethod openForgottonPassword -->
  <testcase classname="pack.VerifySubmitAndCancelButton" name="@AfterMethod logoutFromApplication" time="-1.665392757295E9">
    <skipped/>
  </testcase> <!-- @AfterMethod logoutFromApplication -->
  <testcase classname="pack.VerifySubmitAndCancelButton" name="@AfterClass clearObjects" time="-1.665392757297E9">
    <skipped/>
  </testcase> <!-- @AfterClass clearObjects -->
  <testcase classname="pack.VerifyRoomPage" name="@AfterTest closeBrowser" time="0.001">
    <failure type="java.lang.NullPointerException" message="Cannot invoke &amp;quot;org.openqa.selenium.WebDriver.close()&amp;quot; because &amp;quot;this.driver&amp;quot; is null">
      <![CDATA[java.lang.NullPointerException: Cannot invoke "org.openqa.selenium.WebDriver.close()" because "this.driver" is null
at pack.VerifyRoomPage.closeBrowser(VerifyRoomPage.java:123)
... Removed 24 stack frames]]>
    </failure>
  </testcase> <!-- @AfterTest closeBrowser -->
  <testcase classname="pack.VerifySubmitAndCancelButton" name="@AfterTest closeBrowser" time="-1.665392773657E9">
    <skipped/>
  </testcase> <!-- @AfterTest closeBrowser -->
  <testcase classname="pack.VerifyRoomPage" name="verifyContactToHelpCentreButton" time="0.0">
    <skipped/>
  </testcase> <!-- verifyContactToHelpCentreButton -->
  <testcase classname="pack.VerifyRoomPage" name="verifyGoBackToMassengerButton" time="0.0">
    <skipped/>
  </testcase> <!-- verifyGoBackToMassengerButton -->
  <testcase classname="pack.VerifySubmitAndCancelButton" name="verifySerchButton" time="0.0">
    <skipped/>
  </testcase> <!-- verifySerchButton -->
  <testcase classname="pack.VerifySubmitAndCancelButton" name="verifyCancelButton" time="0.0">
    <skipped/>
  </testcase> <!-- verifyCancelButton -->
  <testcase classname="pack.VerifyDevelopersTab" name="verifyDevelopersTab" time="5.444"/>
</testsuite> <!-- ChromeTest -->
