<?xml version="1.0" encoding="UTF-8"?>
<!-- Generated by org.testng.reporters.JUnitXMLReporter -->
<testsuite ignored="0" hostname="MSI" failures="0" tests="2" name="Default test" time="0.093" errors="0" timestamp="2022-09-29T12:33:50 IST">
  <testcase classname="pack.VerifySubmitAndCancelButton" name="@BeforeTest openBrowser" time="-1.664435030682E9">
    <failure type="org.testng.TestNGException" message="
Parameter &amp;apos;browser&amp;apos; is required by BeforeTest on method openBrowser but has not been marked @Optional or defined
in C:\Users\91880\AppData\Local\Temp\testng-eclipse-2084649422\testng-customsuite.xml">
      <![CDATA[org.testng.TestNGException: 
Parameter 'browser' is required by BeforeTest on method openBrowser but has not been marked @Optional or defined
in C:\Users\91880\AppData\Local\Temp\testng-eclipse-2084649422\testng-customsuite.xml
at org.testng.internal.Parameters.createParams(Parameters.java:270)
at org.testng.internal.Parameters.createParametersForMethod(Parameters.java:358)
at org.testng.internal.Parameters.createParameters(Parameters.java:700)
at org.testng.internal.Parameters.createConfigurationParameters(Parameters.java:168)
at org.testng.internal.ConfigInvoker.invokeConfigurations(ConfigInvoker.java:302)
at org.testng.TestRunner.invokeTestConfigurations(TestRunner.java:637)
at org.testng.TestRunner.beforeRun(TestRunner.java:627)
at org.testng.TestRunner.run(TestRunner.java:589)
at org.testng.SuiteRunner.runTest(SuiteRunner.java:377)
at org.testng.SuiteRunner.runSequentially(SuiteRunner.java:371)
at org.testng.SuiteRunner.privateRun(SuiteRunner.java:332)
at org.testng.SuiteRunner.run(SuiteRunner.java:276)
at org.testng.SuiteRunnerWorker.runSuite(SuiteRunnerWorker.java:53)
at org.testng.SuiteRunnerWorker.run(SuiteRunnerWorker.java:96)
at org.testng.TestNG.runSuitesSequentially(TestNG.java:1212)
at org.testng.TestNG.runSuitesLocally(TestNG.java:1134)
at org.testng.TestNG.runSuites(TestNG.java:1063)
at org.testng.TestNG.run(TestNG.java:1031)
at org.testng.remote.AbstractRemoteTestNG.run(AbstractRemoteTestNG.java:115)
at org.testng.remote.RemoteTestNG.initAndRun(RemoteTestNG.java:251)
at org.testng.remote.RemoteTestNG.main(RemoteTestNG.java:77)
]]>
    </failure>
  </testcase> <!-- @BeforeTest openBrowser -->
  <testcase classname="pack.VerifySubmitAndCancelButton" name="@BeforeClass createPOMObjects" time="-1.664435030715E9">
    <skipped/>
  </testcase> <!-- @BeforeClass createPOMObjects -->
  <testcase classname="pack.VerifySubmitAndCancelButton" name="@BeforeMethod openForgottonPassword" time="-1.664435030737E9">
    <skipped/>
  </testcase> <!-- @BeforeMethod openForgottonPassword -->
  <testcase classname="pack.VerifySubmitAndCancelButton" name="@AfterMethod logoutFromApplication" time="-1.664435030744E9">
    <skipped/>
  </testcase> <!-- @AfterMethod logoutFromApplication -->
  <testcase classname="pack.VerifySubmitAndCancelButton" name="@BeforeMethod openForgottonPassword" time="-1.664435030751E9">
    <skipped/>
  </testcase> <!-- @BeforeMethod openForgottonPassword -->
  <testcase classname="pack.VerifySubmitAndCancelButton" name="@AfterMethod logoutFromApplication" time="-1.664435030759E9">
    <skipped/>
  </testcase> <!-- @AfterMethod logoutFromApplication -->
  <testcase classname="pack.VerifySubmitAndCancelButton" name="@AfterClass clearObjects" time="-1.664435030763E9">
    <skipped/>
  </testcase> <!-- @AfterClass clearObjects -->
  <testcase classname="pack.VerifySubmitAndCancelButton" name="@AfterTest closeBrowser" time="-1.664435030765E9">
    <skipped/>
  </testcase> <!-- @AfterTest closeBrowser -->
  <testcase classname="pack.VerifySubmitAndCancelButton" name="verifySerchButton" time="0.0">
    <skipped/>
  </testcase> <!-- verifySerchButton -->
  <testcase classname="pack.VerifySubmitAndCancelButton" name="verifyCancelButton" time="0.0">
    <skipped/>
  </testcase> <!-- verifyCancelButton -->
</testsuite> <!-- Default test -->
